2023-11-07 11:00:41,752 - INFO - 1
2023-11-07 11:00:42,503 - INFO - Sauce Labs Backpack
2023-11-07 11:00:45,057 - INFO - carry.allTheThings() with the sleek, streamlined Sly Pack that melds uncompromising style with unequaled laptop and tablet protection.
2023-11-07 11:00:52,539 - INFO - 2
2023-11-07 11:00:53,322 - INFO - Sauce Labs Bike Light
2023-11-07 11:00:55,824 - INFO - A red light isn't the desired state in testing but it sure helps when riding your bike at night. Water-resistant with 3 lighting modes, 1 AAA battery included.
2023-11-07 11:01:03,350 - INFO - 3
2023-11-07 11:01:04,132 - INFO - Sauce Labs Bolt T-Shirt
2023-11-07 11:01:06,692 - INFO - Get your testing superhero on with the Sauce Labs bolt T-shirt. From American Apparel, 100% ringspun combed cotton, heather gray with red bolt.
2023-11-07 11:01:14,184 - INFO - 4
2023-11-07 11:01:14,957 - INFO - Sauce Labs Fleece Jacket
2023-11-07 11:01:17,522 - INFO - It's not every day that you come across a midweight quarter-zip fleece jacket capable of handling everything from a relaxing day outdoors to a busy day at the office.
2023-11-07 11:01:25,014 - INFO - 5
2023-11-07 11:01:25,751 - INFO - Sauce Labs Onesie
2023-11-07 11:01:28,319 - INFO - Rib snap infant onesie for the junior automation engineer in development. Reinforced 3-snap bottom closure, two-needle hemmed sleeved and bottom won't unravel.
2023-11-07 11:01:35,840 - INFO - 6
2023-11-07 11:01:36,630 - INFO - Test.allTheThings() T-Shirt (Red)
2023-11-07 11:01:39,182 - INFO - This classic Sauce Labs t-shirt is perfect to wear when cozying up to your keyboard to automate a few tests. Super-soft and comfy ringspun combed cotton.
2023-11-07 11:30:11,553 - CRITICAL - Imagem: ".\assets\images\btn_product_list.PNG", não localizada
2023-11-07 11:30:44,196 - CRITICAL - Imagem: ".\assets\images\btn_product_list.PNG", não localizada
2023-11-07 21:34:44,925 - INFO - 1
2023-11-07 21:34:45,676 - INFO - Sauce Labs Backpack
2023-11-07 21:34:48,234 - INFO - carry.allTheThings() with the sleek, streamlined Sly Pack that melds uncompromising style with unequaled laptop and tablet protection.
2023-11-07 21:34:55,752 - INFO - 2
2023-11-07 21:34:56,526 - INFO - Sauce Labs Bike Light
2023-11-07 21:34:59,063 - INFO - A red light isn't the desired state in testing but it sure helps when riding your bike at night. Water-resistant with 3 lighting modes, 1 AAA battery included.
2023-11-07 21:35:06,523 - INFO - 3
2023-11-07 21:35:07,260 - INFO - Sauce Labs Bolt T-Shirt
2023-11-07 21:35:09,807 - INFO - Get your testing superhero on with the Sauce Labs bolt T-shirt. From American Apparel, 100% ringspun combed cotton, heather gray with red bolt.
2023-11-07 21:35:17,307 - INFO - 4
2023-11-07 21:35:18,083 - INFO - Sauce Labs Fleece Jacket
2023-11-07 21:35:20,622 - INFO - It's not every day that you come across a midweight quarter-zip fleece jacket capable of handling everything from a relaxing day outdoors to a busy day at the office.
2023-11-07 21:35:28,104 - INFO - 5
2023-11-07 21:35:28,865 - INFO - Sauce Labs Onesie
2023-11-07 21:35:31,430 - INFO - Rib snap infant onesie for the junior automation engineer in development. Reinforced 3-snap bottom closure, two-needle hemmed sleeved and bottom won't unravel.
2023-11-07 21:35:38,905 - INFO - 6
2023-11-07 21:35:39,679 - INFO - Test.allTheThings() T-Shirt (Red)
2023-11-07 21:35:42,247 - INFO - This classic Sauce Labs t-shirt is perfect to wear when cozying up to your keyboard to automate a few tests. Super-soft and comfy ringspun combed cotton.
2023-11-07 21:41:39,789 - INFO - 1
2023-11-07 21:41:40,541 - INFO - Sauce Labs Backpack
2023-11-07 21:41:43,105 - INFO - carry.allTheThings() with the sleek, streamlined Sly Pack that melds uncompromising style with unequaled laptop and tablet protection.
2023-11-07 21:41:50,606 - INFO - 2
2023-11-07 21:41:51,371 - INFO - Sauce Labs Bike Light
2023-11-07 21:41:53,921 - INFO - A red light isn't the desired state in testing but it sure helps when riding your bike at night. Water-resistant with 3 lighting modes, 1 AAA battery included.
2023-11-07 21:42:01,383 - INFO - 3
2023-11-07 21:42:02,156 - INFO - Sauce Labs Bolt T-Shirt
2023-11-07 21:42:04,739 - INFO - Get your testing superhero on with the Sauce Labs bolt T-shirt. From American Apparel, 100% ringspun combed cotton, heather gray with red bolt.
2023-11-07 21:42:12,235 - INFO - 4
2023-11-07 21:42:13,009 - INFO - Sauce Labs Fleece Jacket
2023-11-07 21:42:15,594 - INFO - It's not every day that you come across a midweight quarter-zip fleece jacket capable of handling everything from a relaxing day outdoors to a busy day at the office.
2023-11-07 21:42:23,135 - INFO - 5
2023-11-07 21:42:23,865 - INFO - Sauce Labs Onesie
2023-11-07 21:42:26,435 - INFO - Rib snap infant onesie for the junior automation engineer in development. Reinforced 3-snap bottom closure, two-needle hemmed sleeved and bottom won't unravel.
2023-11-07 21:42:33,918 - INFO - 6
2023-11-07 21:42:34,694 - INFO - Test.allTheThings() T-Shirt (Red)
2023-11-07 21:42:37,255 - INFO - This classic Sauce Labs t-shirt is perfect to wear when cozying up to your keyboard to automate a few tests. Super-soft and comfy ringspun combed cotton.
2023-11-07 21:48:25,535 - INFO - 1
2023-11-07 21:48:26,285 - INFO - Sauce Labs Backpack
2023-11-07 21:48:28,836 - INFO - carry.allTheThings() with the sleek, streamlined Sly Pack that melds uncompromising style with unequaled laptop and tablet protection.
2023-11-07 21:48:36,352 - INFO - 2
2023-11-07 21:48:37,093 - INFO - Sauce Labs Bike Light
2023-11-07 21:48:39,613 - INFO - A red light isn't the desired state in testing but it sure helps when riding your bike at night. Water-resistant with 3 lighting modes, 1 AAA battery included.
2023-11-07 21:48:47,066 - INFO - 3
2023-11-07 21:48:47,846 - INFO - Sauce Labs Bolt T-Shirt
2023-11-07 21:48:50,390 - INFO - Get your testing superhero on with the Sauce Labs bolt T-shirt. From American Apparel, 100% ringspun combed cotton, heather gray with red bolt.
2023-11-07 21:48:57,904 - INFO - 4
2023-11-07 21:48:58,648 - INFO - Sauce Labs Fleece Jacket
2023-11-07 21:49:01,194 - INFO - It's not every day that you come across a midweight quarter-zip fleece jacket capable of handling everything from a relaxing day outdoors to a busy day at the office.
2023-11-07 21:49:08,682 - INFO - 5
2023-11-07 21:49:09,433 - INFO - Sauce Labs Onesie
2023-11-07 21:49:11,948 - INFO - Rib snap infant onesie for the junior automation engineer in development. Reinforced 3-snap bottom closure, two-needle hemmed sleeved and bottom won't unravel.
2023-11-07 21:49:19,447 - INFO - 6
2023-11-07 21:49:20,230 - INFO - Test.allTheThings() T-Shirt (Red)
2023-11-07 21:49:22,798 - INFO - This classic Sauce Labs t-shirt is perfect to wear when cozying up to your keyboard to automate a few tests. Super-soft and comfy ringspun combed cotton.
2023-11-07 22:30:46,934 - INFO - 1
2023-11-07 22:30:47,694 - INFO - Sauce Labs Backpack
2023-11-07 22:30:50,270 - INFO - carry.allTheThings() with the sleek, streamlined Sly Pack that melds uncompromising style with unequaled laptop and tablet protection.
2023-11-07 22:30:57,748 - INFO - 2
2023-11-07 22:30:58,521 - INFO - Sauce Labs Bike Light
2023-11-07 22:31:01,072 - INFO - A red light isn't the desired state in testing but it sure helps when riding your bike at night. Water-resistant with 3 lighting modes, 1 AAA battery included.
2023-11-07 22:31:08,516 - INFO - 3
2023-11-07 22:31:09,240 - INFO - Sauce Labs Bolt T-Shirt
2023-11-07 22:31:11,802 - INFO - Get your testing superhero on with the Sauce Labs bolt T-shirt. From American Apparel, 100% ringspun combed cotton, heather gray with red bolt.
2023-11-07 22:31:19,314 - INFO - 4
2023-11-07 22:31:20,089 - INFO - Sauce Labs Fleece Jacket
2023-11-07 22:31:22,654 - INFO - It's not every day that you come across a midweight quarter-zip fleece jacket capable of handling everything from a relaxing day outdoors to a busy day at the office.
2023-11-07 22:31:30,181 - INFO - 5
2023-11-07 22:31:30,944 - INFO - Sauce Labs Onesie
2023-11-07 22:31:33,515 - INFO - Rib snap infant onesie for the junior automation engineer in development. Reinforced 3-snap bottom closure, two-needle hemmed sleeved and bottom won't unravel.
2023-11-07 22:31:40,979 - INFO - 6
2023-11-07 22:31:41,773 - INFO - Test.allTheThings() T-Shirt (Red)
2023-11-07 22:31:44,317 - INFO - This classic Sauce Labs t-shirt is perfect to wear when cozying up to your keyboard to automate a few tests. Super-soft and comfy ringspun combed cotton.
2023-11-07 22:33:10,561 - INFO - 1
2023-11-07 22:33:11,321 - INFO - Sauce Labs Backpack
2023-11-07 22:33:13,858 - INFO - carry.allTheThings() with the sleek, streamlined Sly Pack that melds uncompromising style with unequaled laptop and tablet protection.
2023-11-07 22:33:21,357 - INFO - 2
2023-11-07 22:33:22,139 - INFO - Sauce Labs Bike Light
2023-11-07 22:33:24,786 - INFO - A red light isn't the desired state in testing but it sure helps when riding your bike at night. Water-resistant with 3 lighting modes, 1 AAA battery included.
2023-11-07 22:33:32,305 - INFO - 3
2023-11-07 22:33:33,022 - INFO - Sauce Labs Bolt T-Shirt
2023-11-07 22:33:35,548 - INFO - Get your testing superhero on with the Sauce Labs bolt T-shirt. From American Apparel, 100% ringspun combed cotton, heather gray with red bolt.
2023-11-07 22:36:00,082 - INFO - 1
2023-11-07 22:36:00,830 - INFO - Sauce Labs Backpack
2023-11-07 22:36:03,418 - INFO - carry.allTheThings() with the sleek, streamlined Sly Pack that melds uncompromising style with unequaled laptop and tablet protection.
2023-11-07 22:36:10,939 - INFO - 2
2023-11-07 22:36:11,701 - INFO - Sauce Labs Bike Light
2023-11-07 22:36:14,254 - INFO - A red light isn't the desired state in testing but it sure helps when riding your bike at night. Water-resistant with 3 lighting modes, 1 AAA battery included.
2023-11-07 22:36:21,752 - INFO - 3
2023-11-07 22:36:22,536 - INFO - Sauce Labs Bolt T-Shirt
2023-11-07 22:36:25,077 - INFO - Get your testing superhero on with the Sauce Labs bolt T-shirt. From American Apparel, 100% ringspun combed cotton, heather gray with red bolt.
2023-11-07 22:36:32,534 - INFO - 4
2023-11-07 22:36:33,268 - INFO - Sauce Labs Fleece Jacket
2023-11-07 22:36:35,862 - INFO - It's not every day that you come across a midweight quarter-zip fleece jacket capable of handling everything from a relaxing day outdoors to a busy day at the office.
2023-11-07 22:36:43,383 - INFO - 5
2023-11-07 22:36:44,137 - INFO - Sauce Labs Onesie
2023-11-07 22:36:46,701 - INFO - Rib snap infant onesie for the junior automation engineer in development. Reinforced 3-snap bottom closure, two-needle hemmed sleeved and bottom won't unravel.
2023-11-07 22:36:54,150 - INFO - 6
2023-11-07 22:36:54,932 - INFO - Test.allTheThings() T-Shirt (Red)
2023-11-07 22:36:57,496 - INFO - This classic Sauce Labs t-shirt is perfect to wear when cozying up to your keyboard to automate a few tests. Super-soft and comfy ringspun combed cotton.
2023-11-07 22:51:39,720 - CRITICAL - Imagem: ".\assets\images\label_new_product.PNG", não localizada
